<?xml version="1.0" encoding="UTF-8"?>
<testsuite name="TestSuite" time="4.766" tests="34" errors="0" skipped="0" failures="10">
  <properties>
    <property name="java.runtime.name" value="Java(TM) SE Runtime Environment"/>
    <property name="sun.boot.library.path" value="C:\Program Files\Java\jdk1.8.0_131\jre\bin"/>
    <property name="java.vm.version" value="25.131-b11"/>
    <property name="java.vm.vendor" value="Oracle Corporation"/>
    <property name="maven.multiModuleProjectDirectory" value="E:\Backups\Cucumber Project\restassuredemployeeproject-master\RestassuredAPITesting_Employee_Project"/>
    <property name="java.vendor.url" value="http://java.oracle.com/"/>
    <property name="path.separator" value=";"/>
    <property name="guice.disable.misplaced.annotation.check" value="true"/>
    <property name="java.vm.name" value="Java HotSpot(TM) 64-Bit Server VM"/>
    <property name="file.encoding.pkg" value="sun.io"/>
    <property name="user.script" value=""/>
    <property name="user.country" value="US"/>
    <property name="sun.java.launcher" value="SUN_STANDARD"/>
    <property name="sun.os.patch.level" value=""/>
    <property name="java.vm.specification.name" value="Java Virtual Machine Specification"/>
    <property name="user.dir" value="E:\Backups\Cucumber Project\restassuredemployeeproject-master\RestassuredAPITesting_Employee_Project"/>
    <property name="java.runtime.version" value="1.8.0_131-b11"/>
    <property name="java.awt.graphicsenv" value="sun.awt.Win32GraphicsEnvironment"/>
    <property name="java.endorsed.dirs" value="C:\Program Files\Java\jdk1.8.0_131\jre\lib\endorsed"/>
    <property name="os.arch" value="amd64"/>
    <property name="java.io.tmpdir" value="C:\Users\ANIL~1.MIS\AppData\Local\Temp\"/>
    <property name="line.separator" value="&#10;"/>
    <property name="java.vm.specification.vendor" value="Oracle Corporation"/>
    <property name="user.variant" value=""/>
    <property name="os.name" value="Windows 10"/>
    <property name="classworlds.conf" value="C:\Program Files\apache-maven-3.5.4-bin\apache-maven-3.5.4\bin\..\bin\m2.conf"/>
    <property name="sun.jnu.encoding" value="Cp1252"/>
    <property name="java.library.path" value="C:\Program Files\Java\jdk1.8.0_131\bin;C:\WINDOWS\Sun\Java\bin;C:\WINDOWS\system32;C:\WINDOWS;C:\Program Files (x86)\Common Files\Oracle\Java\javapath;C:\ProgramData\Oracle\Java\javapath;C:\Program Files\Microsoft MPI\Bin\;C:\Program Files (x86)\Intel\iCLS Client\;C:\Program Files\Intel\iCLS Client\;C:\WINDOWS\system32;C:\WINDOWS;C:\WINDOWS\System32\Wbem;C:\WINDOWS\System32\WindowsPowerShell\v1.0\;C:\Program Files\Intel\WiFi\bin\;C:\Program Files\Common Files\Intel\WirelessCommon\;C:\Program Files (x86)\Intel\Intel(R) Management Engine Components\DAL;C:\Program Files\Intel\Intel(R) Management Engine Components\DAL;C:\Program Files (x86)\Intel\Intel(R) Management Engine Components\IPT;C:\Program Files\Intel\Intel(R) Management Engine Components\IPT;C:\Program Files (x86)\Microsoft SQL Server\140\Tools\Binn\;C:\Program Files (x86)\Microsoft SQL Server\140\DTS\Binn\;C:\Program Files (x86)\Microsoft SQL Server\Client SDK\ODBC\130\Tools\Binn\;C:\Program Files (x86)\Microsoft SQL Server\140\Tools\Binn\ManagementStudio\;C:\Program Files\Microsoft SQL Server\140\Tools\Binn\;C:\Program Files\Microsoft SQL Server\140\DTS\Binn\;C:\Program Files\Microsoft SQL Server\Client SDK\ODBC\130\Tools\Binn\;C:\Program Files\Java\jdk1.8.0_131\bin\;E:\Software\redis;C:\Program Files\apache-maven-3.5.4-bin\apache-maven-3.5.4\bin;C:\Program Files\Java\jdk1.8.0_131\bin;C:\Program Files\nodejs\;C:\Program Files\Git\cmd;C:\WINDOWS\System32\OpenSSH\;C:\Program Files\TortoiseSVN\bin;C:\Program Files\apache-maven-3.5.4-bin\apache-maven-3.5.4\bin;C:\Program Files\apache-ant-1.10.5-bin\apache-ant-1.10.5\bin;C:\Users\anil.mishra\AppData\Local\Microsoft\WindowsApps;."/>
    <property name="maven.conf" value="C:\Program Files\apache-maven-3.5.4-bin\apache-maven-3.5.4\bin\../conf"/>
    <property name="java.specification.name" value="Java Platform API Specification"/>
    <property name="java.class.version" value="52.0"/>
    <property name="sun.management.compiler" value="HotSpot 64-Bit Tiered Compilers"/>
    <property name="os.version" value="10.0"/>
    <property name="library.jansi.path" value="C:\Program Files\apache-maven-3.5.4-bin\apache-maven-3.5.4\bin\..\lib\jansi-native"/>
    <property name="user.home" value="C:\Users\anil.mishra"/>
    <property name="user.timezone" value="Asia/Calcutta"/>
    <property name="java.awt.printerjob" value="sun.awt.windows.WPrinterJob"/>
    <property name="java.specification.version" value="1.8"/>
    <property name="file.encoding" value="Cp1252"/>
    <property name="user.name" value="anil.mishra"/>
    <property name="java.class.path" value="C:\Program Files\apache-maven-3.5.4-bin\apache-maven-3.5.4\bin\..\boot\plexus-classworlds-2.5.2.jar"/>
    <property name="java.vm.specification.version" value="1.8"/>
    <property name="sun.arch.data.model" value="64"/>
    <property name="java.home" value="C:\Program Files\Java\jdk1.8.0_131\jre"/>
    <property name="sun.java.command" value="org.codehaus.plexus.classworlds.launcher.Launcher clean install"/>
    <property name="java.specification.vendor" value="Oracle Corporation"/>
    <property name="user.language" value="en"/>
    <property name="awt.toolkit" value="sun.awt.windows.WToolkit"/>
    <property name="java.vm.info" value="mixed mode"/>
    <property name="java.version" value="1.8.0_131"/>
    <property name="java.ext.dirs" value="C:\Program Files\Java\jdk1.8.0_131\jre\lib\ext;C:\WINDOWS\Sun\Java\lib\ext"/>
    <property name="sun.boot.class.path" value="C:\Program Files\Java\jdk1.8.0_131\jre\lib\resources.jar;C:\Program Files\Java\jdk1.8.0_131\jre\lib\rt.jar;C:\Program Files\Java\jdk1.8.0_131\jre\lib\sunrsasign.jar;C:\Program Files\Java\jdk1.8.0_131\jre\lib\jsse.jar;C:\Program Files\Java\jdk1.8.0_131\jre\lib\jce.jar;C:\Program Files\Java\jdk1.8.0_131\jre\lib\charsets.jar;C:\Program Files\Java\jdk1.8.0_131\jre\lib\jfr.jar;C:\Program Files\Java\jdk1.8.0_131\jre\classes"/>
    <property name="sun.stderr.encoding" value="cp437"/>
    <property name="java.vendor" value="Oracle Corporation"/>
    <property name="maven.home" value="C:\Program Files\apache-maven-3.5.4-bin\apache-maven-3.5.4\bin\.."/>
    <property name="file.separator" value="\"/>
    <property name="java.vendor.url.bug" value="http://bugreport.sun.com/bugreport/"/>
    <property name="sun.cpu.endian" value="little"/>
    <property name="sun.io.unicode.encoding" value="UnicodeLittle"/>
    <property name="sun.stdout.encoding" value="cp437"/>
    <property name="sun.desktop" value="windows"/>
    <property name="sun.cpu.isalist" value="amd64"/>
  </properties>
  <testcase name="checkContentLenght" classname="com.employeeapi.testCases.TC001_Get_All_Employees" time="0.016">
    <failure type="java.lang.NumberFormatException:">java.lang.NumberFormatException: null
	at java.lang.Integer.parseInt(Integer.java:542)
	at java.lang.Integer.parseInt(Integer.java:615)
	at com.employeeapi.testCases.TC001_Get_All_Employees.checkContentLenght(TC001_Get_All_Employees.java:137)
</failure>
    <system-out><![CDATA[2019-08-14 18:40:40 INFO  EmployeesRestAPI:36 - *********Started TC001_Get_All_Employees **********
2019-08-14 18:40:44 INFO  EmployeesRestAPI:132 - ***********  Checking Content Lenght**********
2019-08-14 18:40:44 INFO  EmployeesRestAPI:135 - Content Length is==>null
]]></system-out>
  </testcase>
  <testcase name="checkContentType" classname="com.employeeapi.testCases.TC001_Get_All_Employees" time="0.102"/>
  <testcase name="checkCookies" classname="com.employeeapi.testCases.TC001_Get_All_Employees" time="0"/>
  <testcase name="checkResponseTime" classname="com.employeeapi.testCases.TC001_Get_All_Employees" time="0"/>
  <testcase name="checkResposeBody" classname="com.employeeapi.testCases.TC001_Get_All_Employees" time="4.648"/>
  <testcase name="checkStatusCode" classname="com.employeeapi.testCases.TC001_Get_All_Employees" time="0"/>
  <testcase name="checkcontentEncoding" classname="com.employeeapi.testCases.TC001_Get_All_Employees" time="0"/>
  <testcase name="checkserverType" classname="com.employeeapi.testCases.TC001_Get_All_Employees" time="0">
    <failure message="expected [nginx/1.14.1] but found [Apache]" type="java.lang.AssertionError">java.lang.AssertionError: expected [nginx/1.14.1] but found [Apache]
	at org.testng.Assert.fail(Assert.java:96)
	at org.testng.Assert.failNotEquals(Assert.java:776)
	at org.testng.Assert.assertEqualsImpl(Assert.java:137)
	at org.testng.Assert.assertEquals(Assert.java:118)
	at org.testng.Assert.assertEquals(Assert.java:453)
	at org.testng.Assert.assertEquals(Assert.java:463)
	at com.employeeapi.testCases.TC001_Get_All_Employees.checkserverType(TC001_Get_All_Employees.java:113)
</failure>
    <system-out><![CDATA[2019-08-14 18:40:44 INFO  EmployeesRestAPI:109 - ***********  Checking Server Type **********
2019-08-14 18:40:44 INFO  EmployeesRestAPI:112 - Server Type is =>Apache
]]></system-out>
  </testcase>
  <testcase name="checkstatusLine" classname="com.employeeapi.testCases.TC001_Get_All_Employees" time="0"/>
  <testcase name="checkContentLenght" classname="com.employeeapi.testCases.TC002_Get_Single_Employee_Record" time="0"/>
  <testcase name="checkContentType" classname="com.employeeapi.testCases.TC002_Get_Single_Employee_Record" time="0"/>
  <testcase name="checkResponseTime" classname="com.employeeapi.testCases.TC002_Get_Single_Employee_Record" time="0"/>
  <testcase name="checkResposeBody" classname="com.employeeapi.testCases.TC002_Get_Single_Employee_Record" time="0">
    <failure message="expected [true] but found [false]" type="java.lang.AssertionError">java.lang.AssertionError: expected [true] but found [false]
	at org.testng.Assert.fail(Assert.java:96)
	at org.testng.Assert.failNotEquals(Assert.java:776)
	at org.testng.Assert.assertEqualsImpl(Assert.java:137)
	at org.testng.Assert.assertEquals(Assert.java:118)
	at org.testng.Assert.assertEquals(Assert.java:568)
	at org.testng.Assert.assertEquals(Assert.java:578)
	at com.employeeapi.testCases.TC002_Get_Single_Employee_Record.checkResposeBody(TC002_Get_Single_Employee_Record.java:49)
</failure>
  </testcase>
  <testcase name="checkStatusCode" classname="com.employeeapi.testCases.TC002_Get_Single_Employee_Record" time="0"/>
  <testcase name="checkserverType" classname="com.employeeapi.testCases.TC002_Get_Single_Employee_Record" time="0">
    <failure message="expected [nginx/1.14.1] but found [Apache]" type="java.lang.AssertionError">java.lang.AssertionError: expected [nginx/1.14.1] but found [Apache]
	at org.testng.Assert.fail(Assert.java:96)
	at org.testng.Assert.failNotEquals(Assert.java:776)
	at org.testng.Assert.assertEqualsImpl(Assert.java:137)
	at org.testng.Assert.assertEquals(Assert.java:118)
	at org.testng.Assert.assertEquals(Assert.java:453)
	at org.testng.Assert.assertEquals(Assert.java:463)
	at com.employeeapi.testCases.TC002_Get_Single_Employee_Record.checkserverType(TC002_Get_Single_Employee_Record.java:86)
</failure>
  </testcase>
  <testcase name="checkstatusLine" classname="com.employeeapi.testCases.TC002_Get_Single_Employee_Record" time="0"/>
  <testcase name="checkContentType" classname="com.employeeapi.testCases.TC003_Post_Employee_Record" time="0"/>
  <testcase name="checkResposeBody" classname="com.employeeapi.testCases.TC003_Post_Employee_Record" time="0">
    <failure message="expected [true] but found [false]" type="java.lang.AssertionError">java.lang.AssertionError: expected [true] but found [false]
	at org.testng.Assert.fail(Assert.java:96)
	at org.testng.Assert.failNotEquals(Assert.java:776)
	at org.testng.Assert.assertEqualsImpl(Assert.java:137)
	at org.testng.Assert.assertEquals(Assert.java:118)
	at org.testng.Assert.assertEquals(Assert.java:568)
	at org.testng.Assert.assertEquals(Assert.java:578)
	at com.employeeapi.testCases.TC003_Post_Employee_Record.checkResposeBody(TC003_Post_Employee_Record.java:72)
</failure>
  </testcase>
  <testcase name="checkStatusCode" classname="com.employeeapi.testCases.TC003_Post_Employee_Record" time="0"/>
  <testcase name="checkcontentEncoding" classname="com.employeeapi.testCases.TC003_Post_Employee_Record" time="0"/>
  <testcase name="checkserverType" classname="com.employeeapi.testCases.TC003_Post_Employee_Record" time="0">
    <failure message="expected [nginx/1.14.1] but found [Apache]" type="java.lang.AssertionError">java.lang.AssertionError: expected [nginx/1.14.1] but found [Apache]
	at org.testng.Assert.fail(Assert.java:96)
	at org.testng.Assert.failNotEquals(Assert.java:776)
	at org.testng.Assert.assertEqualsImpl(Assert.java:137)
	at org.testng.Assert.assertEquals(Assert.java:118)
	at org.testng.Assert.assertEquals(Assert.java:453)
	at org.testng.Assert.assertEquals(Assert.java:463)
	at com.employeeapi.testCases.TC003_Post_Employee_Record.checkserverType(TC003_Post_Employee_Record.java:102)
</failure>
  </testcase>
  <testcase name="checkstatusLine" classname="com.employeeapi.testCases.TC003_Post_Employee_Record" time="0"/>
  <testcase name="checkContentType" classname="com.employeeapi.testCases.TC004_Put_Employee_Record" time="0"/>
  <testcase name="checkResposeBody" classname="com.employeeapi.testCases.TC004_Put_Employee_Record" time="0"/>
  <testcase name="checkStatusCode" classname="com.employeeapi.testCases.TC004_Put_Employee_Record" time="0"/>
  <testcase name="checkcontentEncoding" classname="com.employeeapi.testCases.TC004_Put_Employee_Record" time="0">
    <failure message="expected [gzip] but found [null]" type="java.lang.AssertionError">java.lang.AssertionError: expected [gzip] but found [null]
	at org.testng.Assert.fail(Assert.java:96)
	at org.testng.Assert.failNotEquals(Assert.java:776)
	at org.testng.Assert.assertEqualsImpl(Assert.java:132)
	at org.testng.Assert.assertEquals(Assert.java:118)
	at org.testng.Assert.assertEquals(Assert.java:453)
	at org.testng.Assert.assertEquals(Assert.java:463)
	at com.employeeapi.testCases.TC004_Put_Employee_Record.checkcontentEncoding(TC004_Put_Employee_Record.java:109)
</failure>
  </testcase>
  <testcase name="checkserverType" classname="com.employeeapi.testCases.TC004_Put_Employee_Record" time="0">
    <failure message="expected [nginx/1.14.1] but found [Apache]" type="java.lang.AssertionError">java.lang.AssertionError: expected [nginx/1.14.1] but found [Apache]
	at org.testng.Assert.fail(Assert.java:96)
	at org.testng.Assert.failNotEquals(Assert.java:776)
	at org.testng.Assert.assertEqualsImpl(Assert.java:137)
	at org.testng.Assert.assertEquals(Assert.java:118)
	at org.testng.Assert.assertEquals(Assert.java:453)
	at org.testng.Assert.assertEquals(Assert.java:463)
	at com.employeeapi.testCases.TC004_Put_Employee_Record.checkserverType(TC004_Put_Employee_Record.java:102)
</failure>
  </testcase>
  <testcase name="checkstatusLine" classname="com.employeeapi.testCases.TC004_Put_Employee_Record" time="0"/>
  <testcase name="checkContentType" classname="com.employeeapi.testCases.TC005_Delete_Employee_Record" time="0"/>
  <testcase name="checkResposeBody" classname="com.employeeapi.testCases.TC005_Delete_Employee_Record" time="0"/>
  <testcase name="checkStatusCode" classname="com.employeeapi.testCases.TC005_Delete_Employee_Record" time="0"/>
  <testcase name="checkcontentEncoding" classname="com.employeeapi.testCases.TC005_Delete_Employee_Record" time="0">
    <failure message="expected [gzip] but found [null]" type="java.lang.AssertionError">java.lang.AssertionError: expected [gzip] but found [null]
	at org.testng.Assert.fail(Assert.java:96)
	at org.testng.Assert.failNotEquals(Assert.java:776)
	at org.testng.Assert.assertEqualsImpl(Assert.java:132)
	at org.testng.Assert.assertEquals(Assert.java:118)
	at org.testng.Assert.assertEquals(Assert.java:453)
	at org.testng.Assert.assertEquals(Assert.java:463)
	at com.employeeapi.testCases.TC005_Delete_Employee_Record.checkcontentEncoding(TC005_Delete_Employee_Record.java:96)
</failure>
  </testcase>
  <testcase name="checkserverType" classname="com.employeeapi.testCases.TC005_Delete_Employee_Record" time="0">
    <failure message="expected [nginx/1.14.1] but found [Apache]" type="java.lang.AssertionError">java.lang.AssertionError: expected [nginx/1.14.1] but found [Apache]
	at org.testng.Assert.fail(Assert.java:96)
	at org.testng.Assert.failNotEquals(Assert.java:776)
	at org.testng.Assert.assertEqualsImpl(Assert.java:137)
	at org.testng.Assert.assertEquals(Assert.java:118)
	at org.testng.Assert.assertEquals(Assert.java:453)
	at org.testng.Assert.assertEquals(Assert.java:463)
	at com.employeeapi.testCases.TC005_Delete_Employee_Record.checkserverType(TC005_Delete_Employee_Record.java:89)
</failure>
  </testcase>
  <testcase name="checkstatusLine" classname="com.employeeapi.testCases.TC005_Delete_Employee_Record" time="0"/>
</testsuite>