<?xml version="1.0" encoding="UTF-8"?>
<!-- Generated by org.testng.reporters.JUnitReportReporter -->
<testsuite skipped="0" hostname="SCA2278" name="com.employeeapi.testCases.OAuthForTwitterAI" tests="1" failures="0" timestamp="23 Jan 2020 11:31:12 GMT" time="4.791" errors="0">
  <testcase name="postTwitterAPI" time="4.791" classname="com.employeeapi.testCases.OAuthForTwitterAI"/>
</testsuite> <!-- com.employeeapi.testCases.OAuthForTwitterAI -->
