<?xml version="1.0" encoding="UTF-8"?>
<!-- Generated by org.testng.reporters.JUnitReportReporter -->
<testsuite skipped="0" hostname="SCA2278" name="com.employeeapi.testCases.GetTwitterExample" tests="1" failures="0" timestamp="23 Jan 2020 11:33:32 GMT" time="4.196" errors="0">
  <testcase name="getExample" time="4.196" classname="com.employeeapi.testCases.GetTwitterExample"/>
</testsuite> <!-- com.employeeapi.testCases.GetTwitterExample -->
