<?xml version="1.0" encoding="UTF-8"?>
<!-- Generated by org.testng.reporters.JUnitReportReporter -->
<testsuite skipped="0" hostname="ANIL-PC" name="com.practicse.GetAPIExample" tests="1" failures="0" timestamp="2020-03-07T13:46:19 IST" time="13.798" errors="0">
  <testcase name="getRequest" time="13.798" classname="com.practicse.GetAPIExample"/>
</testsuite> <!-- com.practicse.GetAPIExample -->
