<?xml version="1.0" encoding="UTF-8"?>
<!-- Generated by org.testng.reporters.JUnitReportReporter -->
<testsuite skipped="0" hostname="SCA2278" name="com.employeeapi.testCases.SimpleGetTest" tests="1" failures="0" timestamp="15 Oct 2019 10:50:14 GMT" time="2.792" errors="0">
  <testcase name="GetWeatherDetails" time="2.792" classname="com.employeeapi.testCases.SimpleGetTest"/>
</testsuite> <!-- com.employeeapi.testCases.SimpleGetTest -->
